# JRE version: OpenJDK Runtime Environment (14.0+36) (build 14+36-1461)
# Java VM: OpenJDK 64-Bit Server VM (14+36-1461, mixed mode, sharing, tiered, compressed oops, parallel gc, windows-amd64)
Heap:
 PSYoungGen      total 22528K, used 9886K [0x00000000eab00000, 0x00000000ec480000, 0x0000000100000000)
  eden space 22016K, 44% used [0x00000000eab00000,0x00000000eb47f8f8,0x00000000ec080000)
  from space 512K, 31% used [0x00000000ec380000,0x00000000ec3a8000,0x00000000ec400000)
  to   space 512K, 0% used [0x00000000ec400000,0x00000000ec400000,0x00000000ec480000)
 ParOldGen       total 68608K, used 38950K [0x00000000c0000000, 0x00000000c4300000, 0x00000000eab00000)
  object space 68608K, 56% used [0x00000000c0000000,0x00000000c2609b00,0x00000000c4300000)
 Metaspace       used 49008K, capacity 51959K, committed 52224K, reserved 1095680K
  class space    used 5337K, capacity 6301K, committed 6400K, reserved 1048576K
GC Heap History (20 events):
Event: 5.482 GC heap before
{Heap before GC invocations=22 (full 2):
 PSYoungGen      total 22528K, used 21910K [0x00000000eab00000, 0x00000000ec580000, 0x0000000100000000)
  eden space 22016K, 97% used [0x00000000eab00000,0x00000000ebfed4e8,0x00000000ec080000)
  from space 512K, 94% used [0x00000000ec480000,0x00000000ec4f8640,0x00000000ec500000)
  to   space 512K, 0% used [0x00000000ec500000,0x00000000ec500000,0x00000000ec580000)
 ParOldGen       total 68608K, used 35274K [0x00000000c0000000, 0x00000000c4300000, 0x00000000eab00000)
  object space 68608K, 51% used [0x00000000c0000000,0x00000000c2272a00,0x00000000c4300000)
 Metaspace       used 47194K, capacity 49968K, committed 50304K, reserved 1093632K
  class space    used 5220K, capacity 6171K, committed 6272K, reserved 1048576K
}
Event: 5.484 GC heap after
{Heap after GC invocations=22 (full 2):
 PSYoungGen      total 22528K, used 509K [0x00000000eab00000, 0x00000000ec580000, 0x0000000100000000)
  eden space 22016K, 0% used [0x00000000eab00000,0x00000000eab00000,0x00000000ec080000)
  from space 512K, 99% used [0x00000000ec500000,0x00000000ec57f548,0x00000000ec580000)
  to   space 1536K, 0% used [0x00000000ec280000,0x00000000ec280000,0x00000000ec400000)
 ParOldGen       total 68608K, used 35974K [0x00000000c0000000, 0x00000000c4300000, 0x00000000eab00000)
  object space 68608K, 52% used [0x00000000c0000000,0x00000000c2321bd0,0x00000000c4300000)
 Metaspace       used 47194K, capacity 49968K, committed 50304K, reserved 1093632K
  class space    used 5220K, capacity 6171K, committed 6272K, reserved 1048576K
}
Event: 5.582 GC heap before
{Heap before GC invocations=23 (full 2):
 PSYoungGen      total 22528K, used 22033K [0x00000000eab00000, 0x00000000ec580000, 0x0000000100000000)
  eden space 22016K, 97% used [0x00000000eab00000,0x00000000ec0050c0,0x00000000ec080000)
  from space 512K, 99% used [0x00000000ec500000,0x00000000ec57f548,0x00000000ec580000)
  to   space 1536K, 0% used [0x00000000ec280000,0x00000000ec280000,0x00000000ec400000)
 ParOldGen       total 68608K, used 35974K [0x00000000c0000000, 0x00000000c4300000, 0x00000000eab00000)
  object space 68608K, 52% used [0x00000000c0000000,0x00000000c2321bd0,0x00000000c4300000)
 Metaspace       used 47324K, capacity 50096K, committed 50304K, reserved 1093632K
  class space    used 5225K, capacity 6171K, committed 6272K, reserved 1048576K
}
Event: 5.583 GC heap after
{Heap after GC invocations=23 (full 2):
 PSYoungGen      total 23552K, used 448K [0x00000000eab00000, 0x00000000ec580000, 0x0000000100000000)
  eden space 22016K, 0% used [0x00000000eab00000,0x00000000eab00000,0x00000000ec080000)
  from space 1536K, 29% used [0x00000000ec280000,0x00000000ec2f0000,0x00000000ec400000)
  to   space 1024K, 0% used [0x00000000ec480000,0x00000000ec480000,0x00000000ec580000)
 ParOldGen       total 68608K, used 36504K [0x00000000c0000000, 0x00000000c4300000, 0x00000000eab00000)
  object space 68608K, 53% used [0x00000000c0000000,0x00000000c23a6328,0x00000000c4300000)
 Metaspace       used 47324K, capacity 50096K, committed 50304K, reserved 1093632K
  class space    used 5225K, capacity 6171K, committed 6272K, reserved 1048576K
}
Event: 5.672 GC heap before
{Heap before GC invocations=24 (full 2):
 PSYoungGen      total 23552K, used 21628K [0x00000000eab00000, 0x00000000ec580000, 0x0000000100000000)
  eden space 22016K, 96% used [0x00000000eab00000,0x00000000ebfaf078,0x00000000ec080000)
  from space 1536K, 29% used [0x00000000ec280000,0x00000000ec2f0000,0x00000000ec400000)
  to   space 1024K, 0% used [0x00000000ec480000,0x00000000ec480000,0x00000000ec580000)
 ParOldGen       total 68608K, used 36504K [0x00000000c0000000, 0x00000000c4300000, 0x00000000eab00000)
  object space 68608K, 53% used [0x00000000c0000000,0x00000000c23a6328,0x00000000c4300000)
 Metaspace       used 48114K, capacity 50870K, committed 51072K, reserved 1093632K
  class space    used 5290K, capacity 6237K, committed 6272K, reserved 1048576K
}
Event: 5.673 GC heap after
{Heap after GC invocations=24 (full 2):
 PSYoungGen      total 23040K, used 1004K [0x00000000eab00000, 0x00000000ec580000, 0x0000000100000000)
  eden space 22016K, 0% used [0x00000000eab00000,0x00000000eab00000,0x00000000ec080000)
  from space 1024K, 98% used [0x00000000ec480000,0x00000000ec57b018,0x00000000ec580000)
  to   space 2048K, 0% used [0x00000000ec180000,0x00000000ec180000,0x00000000ec380000)
 ParOldGen       total 68608K, used 36896K [0x00000000c0000000, 0x00000000c4300000, 0x00000000eab00000)
  object space 68608K, 53% used [0x00000000c0000000,0x00000000c2408328,0x00000000c4300000)
 Metaspace       used 48114K, capacity 50870K, committed 51072K, reserved 1093632K
  class space    used 5290K, capacity 6237K, committed 6272K, reserved 1048576K
}
Event: 5.721 GC heap before
{Heap before GC invocations=25 (full 2):
 PSYoungGen      total 23040K, used 22541K [0x00000000eab00000, 0x00000000ec580000, 0x0000000100000000)
  eden space 22016K, 97% used [0x00000000eab00000,0x00000000ec008418,0x00000000ec080000)
  from space 1024K, 98% used [0x00000000ec480000,0x00000000ec57b018,0x00000000ec580000)
  to   space 2048K, 0% used [0x00000000ec180000,0x00000000ec180000,0x00000000ec380000)
 ParOldGen       total 68608K, used 36896K [0x00000000c0000000, 0x00000000c4300000, 0x00000000eab00000)
  object space 68608K, 53% used [0x00000000c0000000,0x00000000c2408328,0x00000000c4300000)
 Metaspace       used 48240K, capacity 50998K, committed 51072K, reserved 1093632K
  class space    used 5290K, capacity 6237K, committed 6272K, reserved 1048576K
}
Event: 5.722 GC heap after
{Heap after GC invocations=25 (full 2):
 PSYoungGen      total 24064K, used 96K [0x00000000eab00000, 0x00000000ec500000, 0x0000000100000000)
  eden space 22016K, 0% used [0x00000000eab00000,0x00000000eab00000,0x00000000ec080000)
  from space 2048K, 4% used [0x00000000ec180000,0x00000000ec198000,0x00000000ec380000)
  to   space 1024K, 0% used [0x00000000ec400000,0x00000000ec400000,0x00000000ec500000)
 ParOldGen       total 68608K, used 37814K [0x00000000c0000000, 0x00000000c4300000, 0x00000000eab00000)
  object space 68608K, 55% used [0x00000000c0000000,0x00000000c24ed850,0x00000000c4300000)
 Metaspace       used 48240K, capacity 50998K, committed 51072K, reserved 1093632K
  class space    used 5290K, capacity 6237K, committed 6272K, reserved 1048576K
}
Event: 5.783 GC heap before
{Heap before GC invocations=26 (full 2):
 PSYoungGen      total 24064K, used 20577K [0x00000000eab00000, 0x00000000ec500000, 0x0000000100000000)
  eden space 22016K, 93% used [0x00000000eab00000,0x00000000ebf007f8,0x00000000ec080000)
  from space 2048K, 4% used [0x00000000ec180000,0x00000000ec198000,0x00000000ec380000)
  to   space 1024K, 0% used [0x00000000ec400000,0x00000000ec400000,0x00000000ec500000)
 ParOldGen       total 68608K, used 37814K [0x00000000c0000000, 0x00000000c4300000, 0x00000000eab00000)
  object space 68608K, 55% used [0x00000000c0000000,0x00000000c24ed850,0x00000000c4300000)
 Metaspace       used 48725K, capacity 51638K, committed 51968K, reserved 1095680K
  class space    used 5334K, capacity 6301K, committed 6400K, reserved 1048576K
}
Event: 5.784 GC heap after
{Heap after GC invocations=26 (full 2):
 PSYoungGen      total 23040K, used 706K [0x00000000eab00000, 0x00000000ec500000, 0x0000000100000000)
  eden space 22016K, 0% used [0x00000000eab00000,0x00000000eab00000,0x00000000ec080000)
  from space 1024K, 69% used [0x00000000ec400000,0x00000000ec4b0bb0,0x00000000ec500000)
  to   space 1024K, 0% used [0x00000000ec300000,0x00000000ec300000,0x00000000ec400000)
 ParOldGen       total 68608K, used 37862K [0x00000000c0000000, 0x00000000c4300000, 0x00000000eab00000)
  object space 68608K, 55% used [0x00000000c0000000,0x00000000c24f9850,0x00000000c4300000)
 Metaspace       used 48725K, capacity 51638K, committed 51968K, reserved 1095680K
  class space    used 5334K, capacity 6301K, committed 6400K, reserved 1048576K
}
Event: 5.826 GC heap before
{Heap before GC invocations=27 (full 2):
 PSYoungGen      total 23040K, used 22661K [0x00000000eab00000, 0x00000000ec500000, 0x0000000100000000)
  eden space 22016K, 99% used [0x00000000eab00000,0x00000000ec070878,0x00000000ec080000)
  from space 1024K, 69% used [0x00000000ec400000,0x00000000ec4b0bb0,0x00000000ec500000)
  to   space 1024K, 0% used [0x00000000ec300000,0x00000000ec300000,0x00000000ec400000)
 ParOldGen       total 68608K, used 37862K [0x00000000c0000000, 0x00000000c4300000, 0x00000000eab00000)
  object space 68608K, 55% used [0x00000000c0000000,0x00000000c24f9850,0x00000000c4300000)
 Metaspace       used 48798K, capacity 51703K, committed 51968K, reserved 1095680K
  class space    used 5336K, capacity 6301K, committed 6400K, reserved 1048576K
}
Event: 5.827 GC heap after
{Heap after GC invocations=27 (full 2):
 PSYoungGen      total 23040K, used 224K [0x00000000eab00000, 0x00000000ec480000, 0x0000000100000000)
  eden space 22016K, 0% used [0x00000000eab00000,0x00000000eab00000,0x00000000ec080000)
  from space 1024K, 21% used [0x00000000ec300000,0x00000000ec338000,0x00000000ec400000)
  to   space 512K, 0% used [0x00000000ec400000,0x00000000ec400000,0x00000000ec480000)
 ParOldGen       total 68608K, used 38449K [0x00000000c0000000, 0x00000000c4300000, 0x00000000eab00000)
  object space 68608K, 56% used [0x00000000c0000000,0x00000000c258c400,0x00000000c4300000)
 Metaspace       used 48798K, capacity 51703K, committed 51968K, reserved 1095680K
  class space    used 5336K, capacity 6301K, committed 6400K, reserved 1048576K
}
Event: 5.869 GC heap before
{Heap before GC invocations=28 (full 2):
 PSYoungGen      total 23040K, used 22135K [0x00000000eab00000, 0x00000000ec480000, 0x0000000100000000)
  eden space 22016K, 99% used [0x00000000eab00000,0x00000000ec065d18,0x00000000ec080000)
  from space 1024K, 21% used [0x00000000ec300000,0x00000000ec338000,0x00000000ec400000)
  to   space 512K, 0% used [0x00000000ec400000,0x00000000ec400000,0x00000000ec480000)
 ParOldGen       total 68608K, used 38449K [0x00000000c0000000, 0x00000000c4300000, 0x00000000eab00000)
  object space 68608K, 56% used [0x00000000c0000000,0x00000000c258c400,0x00000000c4300000)
 Metaspace       used 48847K, capacity 51703K, committed 51968K, reserved 1095680K
  class space    used 5337K, capacity 6301K, committed 6400K, reserved 1048576K
}
Event: 5.870 GC heap after
{Heap after GC invocations=28 (full 2):
 PSYoungGen      total 22528K, used 160K [0x00000000eab00000, 0x00000000ec480000, 0x0000000100000000)
  eden space 22016K, 0% used [0x00000000eab00000,0x00000000eab00000,0x00000000ec080000)
  from space 512K, 31% used [0x00000000ec400000,0x00000000ec428000,0x00000000ec480000)
  to   space 512K, 0% used [0x00000000ec380000,0x00000000ec380000,0x00000000ec400000)
 ParOldGen       total 68608K, used 38489K [0x00000000c0000000, 0x00000000c4300000, 0x00000000eab00000)
  object space 68608K, 56% used [0x00000000c0000000,0x00000000c2596400,0x00000000c4300000)
 Metaspace       used 48847K, capacity 51703K, committed 51968K, reserved 1095680K
  class space    used 5337K, capacity 6301K, committed 6400K, reserved 1048576K
}
Event: 5.912 GC heap before
{Heap before GC invocations=29 (full 2):
 PSYoungGen      total 22528K, used 22176K [0x00000000eab00000, 0x00000000ec480000, 0x0000000100000000)
  eden space 22016K, 100% used [0x00000000eab00000,0x00000000ec080000,0x00000000ec080000)
  from space 512K, 31% used [0x00000000ec400000,0x00000000ec428000,0x00000000ec480000)
  to   space 512K, 0% used [0x00000000ec380000,0x00000000ec380000,0x00000000ec400000)
 ParOldGen       total 68608K, used 38489K [0x00000000c0000000, 0x00000000c4300000, 0x00000000eab00000)
  object space 68608K, 56% used [0x00000000c0000000,0x00000000c2596400,0x00000000c4300000)
 Metaspace       used 48901K, capacity 51767K, committed 51968K, reserved 1095680K
  class space    used 5337K, capacity 6301K, committed 6400K, reserved 1048576K
}
Event: 5.913 GC heap after
{Heap after GC invocations=29 (full 2):
 PSYoungGen      total 22528K, used 224K [0x00000000eab00000, 0x00000000ec480000, 0x0000000100000000)
  eden space 22016K, 0% used [0x00000000eab00000,0x00000000eab00000,0x00000000ec080000)
  from space 512K, 43% used [0x00000000ec380000,0x00000000ec3b8000,0x00000000ec400000)
  to   space 512K, 0% used [0x00000000ec400000,0x00000000ec400000,0x00000000ec480000)
 ParOldGen       total 68608K, used 38529K [0x00000000c0000000, 0x00000000c4300000, 0x00000000eab00000)
  object space 68608K, 56% used [0x00000000c0000000,0x00000000c25a0400,0x00000000c4300000)
 Metaspace       used 48901K, capacity 51767K, committed 51968K, reserved 1095680K
  class space    used 5337K, capacity 6301K, committed 6400K, reserved 1048576K
}
Event: 5.985 GC heap before
{Heap before GC invocations=30 (full 2):
 PSYoungGen      total 22528K, used 21242K [0x00000000eab00000, 0x00000000ec480000, 0x0000000100000000)
  eden space 22016K, 95% used [0x00000000eab00000,0x00000000ebf868d0,0x00000000ec080000)
  from space 512K, 43% used [0x00000000ec380000,0x00000000ec3b8000,0x00000000ec400000)
  to   space 512K, 0% used [0x00000000ec400000,0x00000000ec400000,0x00000000ec480000)
 ParOldGen       total 68608K, used 38529K [0x00000000c0000000, 0x00000000c4300000, 0x00000000eab00000)
  object space 68608K, 56% used [0x00000000c0000000,0x00000000c25a0400,0x00000000c4300000)
 Metaspace       used 48981K, capacity 51959K, committed 52224K, reserved 1095680K
  class space    used 5337K, capacity 6301K, committed 6400K, reserved 1048576K
}
Event: 5.985 GC heap after
{Heap after GC invocations=30 (full 2):
 PSYoungGen      total 22528K, used 434K [0x00000000eab00000, 0x00000000ec480000, 0x0000000100000000)
  eden space 22016K, 0% used [0x00000000eab00000,0x00000000eab00000,0x00000000ec080000)
  from space 512K, 84% used [0x00000000ec400000,0x00000000ec46cad8,0x00000000ec480000)
  to   space 512K, 0% used [0x00000000ec380000,0x00000000ec380000,0x00000000ec400000)
 ParOldGen       total 68608K, used 38609K [0x00000000c0000000, 0x00000000c4300000, 0x00000000eab00000)
  object space 68608K, 56% used [0x00000000c0000000,0x00000000c25b4400,0x00000000c4300000)
 Metaspace       used 48981K, capacity 51959K, committed 52224K, reserved 1095680K
  class space    used 5337K, capacity 6301K, committed 6400K, reserved 1048576K
}
Event: 6.019 GC heap before
{Heap before GC invocations=31 (full 2):
 PSYoungGen      total 22528K, used 20662K [0x00000000eab00000, 0x00000000ec480000, 0x0000000100000000)
  eden space 22016K, 91% used [0x00000000eab00000,0x00000000ebec0eb0,0x00000000ec080000)
  from space 512K, 84% used [0x00000000ec400000,0x00000000ec46cad8,0x00000000ec480000)
  to   space 512K, 0% used [0x00000000ec380000,0x00000000ec380000,0x00000000ec400000)
 ParOldGen       total 68608K, used 38609K [0x00000000c0000000, 0x00000000c4300000, 0x00000000eab00000)
  object space 68608K, 56% used [0x00000000c0000000,0x00000000c25b4400,0x00000000c4300000)
 Metaspace       used 48997K, capacity 51959K, committed 52224K, reserved 1095680K
  class space    used 5337K, capacity 6301K, committed 6400K, reserved 1048576K
}
Event: 6.020 GC heap after
{Heap after GC invocations=31 (full 2):
 PSYoungGen      total 22528K, used 160K [0x00000000eab00000, 0x00000000ec480000, 0x0000000100000000)
  eden space 22016K, 0% used [0x00000000eab00000,0x00000000eab00000,0x00000000ec080000)
  from space 512K, 31% used [0x00000000ec380000,0x00000000ec3a8000,0x00000000ec400000)
  to   space 512K, 0% used [0x00000000ec400000,0x00000000ec400000,0x00000000ec480000)
 ParOldGen       total 68608K, used 38950K [0x00000000c0000000, 0x00000000c4300000, 0x00000000eab00000)
  object space 68608K, 56% used [0x00000000c0000000,0x00000000c2609b00,0x00000000c4300000)
 Metaspace       used 48997K, capacity 51959K, committed 52224K, reserved 1095680K
  class space    used 5337K, capacity 6301K, committed 6400K, reserved 1048576K
}

